[2020-05-25T10:05:10.385] [ERROR] Ace - Can't add new command when connection is in closed state by user with team_id = 1
[2020-05-25T10:06:32.337] [ERROR] Ace - Pool is closed. by user with team_id = 1
[2020-05-25T10:06:37.506] [ERROR] Ace - Pool is closed. by user with team_id = 1
[2020-05-25T10:11:48.594] [ERROR] Ace - Pool is closed. by user with team_id = 1
[2020-05-25T10:15:10.352] [ERROR] Ace - Can't add new command when connection is in closed state by user with team_id = 1
[2020-05-25T10:15:32.533] [ERROR] Ace - Can't add new command when connection is in closed state by user with team_id = 1
[2020-05-25T10:15:33.519] [ERROR] Ace - Can't add new command when connection is in closed state by user with team_id = 1
[2020-05-25T10:15:35.458] [ERROR] Ace - Can't add new command when connection is in closed state by user with team_id = 1
[2020-05-25T10:15:36.327] [ERROR] Ace - Can't add new command when connection is in closed state by user with team_id = 1
[2020-05-25T10:15:37.104] [ERROR] Ace - Can't add new command when connection is in closed state by user with team_id = 1
[2020-05-25T10:15:37.927] [ERROR] Ace - Can't add new command when connection is in closed state by user with team_id = 1
[2020-05-25T10:15:38.497] [ERROR] Ace - Can't add new command when connection is in closed state by user with team_id = 1
[2020-05-25T10:19:51.533] [ERROR] Ace - Can't add new command when connection is in closed state by user with team_id = 1
[2020-05-25T10:26:30.395] [ERROR] Ace - Pool is closed. by user with team_id = 1
[2020-05-25T10:31:02.368] [ERROR] Ace - Pool is closed. by user with team_id = 1
[2020-05-25T10:31:07.218] [ERROR] Ace - Pool is closed. by user with team_id = 1
[2020-05-25T10:31:16.521] [ERROR] Ace - Pool is closed. by user with team_id = 1
[2020-05-25T10:31:17.447] [ERROR] Ace - Pool is closed. by user with team_id = 1
[2020-05-25T10:33:46.919] [ERROR] Ace - Pool is closed. by user with team_id = 1
[2020-05-25T11:39:17.786] [ERROR] Ace - Pool is closed. by user with team_id = 1
[2020-05-25T11:40:21.110] [ERROR] Ace - Pool is closed. by user with team_id = 1
[2020-05-25T11:42:50.259] [ERROR] Ace - Pool is closed. by user with team_id = 1
[2020-05-25T11:45:15.090] [ERROR] Ace - Pool is closed. by user with team_id = 1
[2020-05-25T11:45:22.440] [ERROR] Ace - Pool is closed. by user with team_id = 1
[2020-05-25T11:46:02.888] [ERROR] Ace - Pool is closed. by user with team_id = 1
[2020-05-25T11:48:46.093] [ERROR] Ace - Pool is closed. by user with team_id = 1
[2020-05-25T11:48:46.108] [ERROR] Ace - Pool is closed. by user with team_id = 1
[2020-05-25T11:48:46.116] [ERROR] Ace - Pool is closed. by user with team_id = 1
[2020-05-25T11:48:46.122] [ERROR] Ace - Pool is closed. by user with team_id = 1
[2020-05-25T11:48:46.129] [ERROR] Ace - Pool is closed. by user with team_id = 1
[2020-05-25T11:48:46.136] [ERROR] Ace - Pool is closed. by user with team_id = 1
[2020-05-25T11:48:46.170] [ERROR] Ace - Pool is closed. by user with team_id = 1
[2020-05-25T11:48:46.177] [ERROR] Ace - Pool is closed. by user with team_id = 1
[2020-05-25T11:48:46.183] [ERROR] Ace - Pool is closed. by user with team_id = 1
[2020-05-25T11:48:46.189] [ERROR] Ace - Pool is closed. by user with team_id = 1
[2020-05-25T11:48:46.195] [ERROR] Ace - Pool is closed. by user with team_id = 1
[2020-05-25T11:48:46.202] [ERROR] Ace - Pool is closed. by user with team_id = 1
[2020-05-25T11:48:46.208] [ERROR] Ace - Pool is closed. by user with team_id = 1
[2020-05-25T11:48:46.215] [ERROR] Ace - Pool is closed. by user with team_id = 1
[2020-05-25T11:48:46.222] [ERROR] Ace - Pool is closed. by user with team_id = 1
[2020-05-25T11:48:46.229] [ERROR] Ace - Pool is closed. by user with team_id = 1
[2020-05-25T11:48:46.236] [ERROR] Ace - Pool is closed. by user with team_id = 1
[2020-05-25T11:48:46.241] [ERROR] Ace - Pool is closed. by user with team_id = 1
[2020-05-25T11:48:46.386] [ERROR] Ace - Pool is closed. by user with team_id = 1
[2020-05-25T11:48:46.398] [ERROR] Ace - Pool is closed. by user with team_id = 1
[2020-05-25T11:48:46.409] [ERROR] Ace - Pool is closed. by user with team_id = 1
[2020-05-25T11:48:46.419] [ERROR] Ace - Pool is closed. by user with team_id = 1
[2020-05-25T11:48:46.427] [ERROR] Ace - Pool is closed. by user with team_id = 1
[2020-05-25T11:48:46.434] [ERROR] Ace - Pool is closed. by user with team_id = 1
[2020-05-25T11:48:46.440] [ERROR] Ace - Pool is closed. by user with team_id = 1
[2020-05-25T11:48:46.446] [ERROR] Ace - Pool is closed. by user with team_id = 1
[2020-05-25T11:48:46.453] [ERROR] Ace - Pool is closed. by user with team_id = 1
[2020-05-25T11:48:46.461] [ERROR] Ace - Pool is closed. by user with team_id = 1
[2020-05-25T11:48:46.466] [ERROR] Ace - Pool is closed. by user with team_id = 1
[2020-05-25T11:48:46.472] [ERROR] Ace - Pool is closed. by user with team_id = 1
[2020-05-25T11:48:46.478] [ERROR] Ace - Pool is closed. by user with team_id = 1
[2020-05-25T11:48:46.483] [ERROR] Ace - Pool is closed. by user with team_id = 1
[2020-05-25T11:48:46.490] [ERROR] Ace - Pool is closed. by user with team_id = 1
[2020-05-25T11:48:46.495] [ERROR] Ace - Pool is closed. by user with team_id = 1
[2020-05-25T11:48:46.500] [ERROR] Ace - Pool is closed. by user with team_id = 1
[2020-05-25T11:48:46.506] [ERROR] Ace - Pool is closed. by user with team_id = 1
[2020-05-25T11:48:46.511] [ERROR] Ace - Pool is closed. by user with team_id = 1
[2020-05-25T11:48:46.516] [ERROR] Ace - Pool is closed. by user with team_id = 1
[2020-05-25T11:48:50.411] [ERROR] Ace - Pool is closed. by user with team_id = 1
[2020-05-25T11:48:50.419] [ERROR] Ace - Pool is closed. by user with team_id = 1
[2020-05-25T11:48:50.426] [ERROR] Ace - Pool is closed. by user with team_id = 1
[2020-05-25T11:48:50.434] [ERROR] Ace - Pool is closed. by user with team_id = 1
[2020-05-25T11:48:50.440] [ERROR] Ace - Pool is closed. by user with team_id = 1
[2020-05-25T11:48:50.446] [ERROR] Ace - Pool is closed. by user with team_id = 1
[2020-05-25T11:48:50.454] [ERROR] Ace - Pool is closed. by user with team_id = 1
[2020-05-25T11:48:50.462] [ERROR] Ace - Pool is closed. by user with team_id = 1
[2020-05-25T11:48:50.468] [ERROR] Ace - Pool is closed. by user with team_id = 1
[2020-05-25T11:48:50.474] [ERROR] Ace - Pool is closed. by user with team_id = 1
[2020-05-25T11:48:50.480] [ERROR] Ace - Pool is closed. by user with team_id = 1
[2020-05-25T11:48:50.486] [ERROR] Ace - Pool is closed. by user with team_id = 1
[2020-05-25T11:48:50.494] [ERROR] Ace - Pool is closed. by user with team_id = 1
[2020-05-25T11:48:50.501] [ERROR] Ace - Pool is closed. by user with team_id = 1
[2020-05-25T11:48:50.506] [ERROR] Ace - Pool is closed. by user with team_id = 1
[2020-05-25T11:48:50.512] [ERROR] Ace - Pool is closed. by user with team_id = 1
[2020-05-25T11:48:50.518] [ERROR] Ace - Pool is closed. by user with team_id = 1
[2020-05-25T11:48:50.524] [ERROR] Ace - Pool is closed. by user with team_id = 1
[2020-05-25T11:48:50.529] [ERROR] Ace - Pool is closed. by user with team_id = 1
[2020-05-25T11:48:50.535] [ERROR] Ace - Pool is closed. by user with team_id = 1
[2020-05-25T11:48:52.441] [ERROR] Ace - Pool is closed. by user with team_id = 1
[2020-05-25T11:48:52.450] [ERROR] Ace - Pool is closed. by user with team_id = 1
[2020-05-25T11:48:52.456] [ERROR] Ace - Pool is closed. by user with team_id = 1
[2020-05-25T11:48:52.462] [ERROR] Ace - Pool is closed. by user with team_id = 1
[2020-05-25T11:48:52.469] [ERROR] Ace - Pool is closed. by user with team_id = 1
[2020-05-25T11:48:52.475] [ERROR] Ace - Pool is closed. by user with team_id = 1
[2020-05-25T11:48:52.485] [ERROR] Ace - Pool is closed. by user with team_id = 1
[2020-05-25T11:48:52.491] [ERROR] Ace - Pool is closed. by user with team_id = 1
[2020-05-25T11:48:52.498] [ERROR] Ace - Pool is closed. by user with team_id = 1
[2020-05-25T11:48:52.504] [ERROR] Ace - Pool is closed. by user with team_id = 1
[2020-05-25T11:48:52.511] [ERROR] Ace - Pool is closed. by user with team_id = 1
[2020-05-25T11:48:52.517] [ERROR] Ace - Pool is closed. by user with team_id = 1
[2020-05-25T11:48:52.523] [ERROR] Ace - Pool is closed. by user with team_id = 1
[2020-05-25T11:48:52.529] [ERROR] Ace - Pool is closed. by user with team_id = 1
[2020-05-25T11:48:52.535] [ERROR] Ace - Pool is closed. by user with team_id = 1
[2020-05-25T11:48:52.541] [ERROR] Ace - Pool is closed. by user with team_id = 1
[2020-05-25T11:48:52.547] [ERROR] Ace - Pool is closed. by user with team_id = 1
[2020-05-25T11:48:52.553] [ERROR] Ace - Pool is closed. by user with team_id = 1
[2020-05-25T11:48:52.559] [ERROR] Ace - Pool is closed. by user with team_id = 1
[2020-05-25T11:48:52.565] [ERROR] Ace - Pool is closed. by user with team_id = 1
[2020-05-25T11:48:57.607] [ERROR] Ace - Pool is closed. by user with team_id = 1
[2020-05-25T11:48:57.622] [ERROR] Ace - Pool is closed. by user with team_id = 1
[2020-05-25T11:48:57.628] [ERROR] Ace - Pool is closed. by user with team_id = 1
[2020-05-25T11:48:57.640] [ERROR] Ace - Pool is closed. by user with team_id = 1
[2020-05-25T11:48:57.649] [ERROR] Ace - Pool is closed. by user with team_id = 1
[2020-05-25T11:48:57.657] [ERROR] Ace - Pool is closed. by user with team_id = 1
[2020-05-25T11:48:57.667] [ERROR] Ace - Pool is closed. by user with team_id = 1
[2020-05-25T11:48:57.674] [ERROR] Ace - Pool is closed. by user with team_id = 1
[2020-05-25T11:48:57.681] [ERROR] Ace - Pool is closed. by user with team_id = 1
[2020-05-25T11:48:57.688] [ERROR] Ace - Pool is closed. by user with team_id = 1
[2020-05-25T11:48:57.695] [ERROR] Ace - Pool is closed. by user with team_id = 1
[2020-05-25T11:48:57.703] [ERROR] Ace - Pool is closed. by user with team_id = 1
[2020-05-25T11:48:57.711] [ERROR] Ace - Pool is closed. by user with team_id = 1
[2020-05-25T11:48:57.721] [ERROR] Ace - Pool is closed. by user with team_id = 1
[2020-05-25T11:48:57.728] [ERROR] Ace - Pool is closed. by user with team_id = 1
[2020-05-25T11:48:57.735] [ERROR] Ace - Pool is closed. by user with team_id = 1
[2020-05-25T11:48:57.742] [ERROR] Ace - Pool is closed. by user with team_id = 1
[2020-05-25T11:48:57.748] [ERROR] Ace - Pool is closed. by user with team_id = 1
[2020-05-25T11:48:57.755] [ERROR] Ace - Pool is closed. by user with team_id = 1
[2020-05-25T11:48:57.761] [ERROR] Ace - Pool is closed. by user with team_id = 1
[2020-05-25T11:52:48.531] [ERROR] Ace - Pool is closed. by user with team_id = 1
[2020-05-25T11:52:51.486] [ERROR] Ace - Pool is closed. by user with team_id = 1
[2020-05-25T11:53:40.543] [ERROR] Ace - Pool is closed. by user with team_id = 1
[2020-05-25T12:30:11.939] [ERROR] Ace - Pool is closed. by user with team_id = 1
[2020-05-25T12:37:00.593] [ERROR] Ace - Pool is closed. by user with team_id = 1
[2020-05-25T13:09:44.364] [ERROR] Ace - This socket has been ended by the other party by user with team_id = 1
[2020-05-25T13:10:17.300] [ERROR] Ace - Can't add new command when connection is in closed state
[2020-05-25T13:10:17.373] [ERROR] Ace - Can't add new command when connection is in closed state
[2020-05-25T13:12:19.924] [ERROR] Ace - This socket has been ended by the other party by user with team_id = 1
[2020-05-25T13:14:52.323] [ERROR] Ace - This socket has been ended by the other party by user with team_id = 1
[2020-05-25T13:18:54.813] [ERROR] Ace - This socket has been ended by the other party by user with team_id = 1
[2020-05-25T13:19:06.550] [ERROR] Ace - Can't add new command when connection is in closed state by user with team_id = 1
[2020-05-25T13:19:07.940] [ERROR] Ace - Can't add new command when connection is in closed state by user with team_id = 1
[2020-05-25T13:19:08.582] [ERROR] Ace - Can't add new command when connection is in closed state by user with team_id = 1
[2020-05-25T13:37:32.694] [ERROR] Ace - This socket has been ended by the other party by user with team_id = 1
[2020-05-25T13:40:45.937] [ERROR] Ace - This socket has been ended by the other party by user with team_id = 1
[2020-05-25T14:00:34.767] [ERROR] Ace - This socket has been ended by the other party
[2020-05-25T14:00:34.854] [ERROR] Ace - Can't add new command when connection is in closed state
[2020-05-25T14:00:37.028] [ERROR] Ace - Can't add new command when connection is in closed state by user with team_id = 1
[2020-05-25T14:00:40.977] [ERROR] Ace - Can't add new command when connection is in closed state by user with team_id = 1
[2020-05-25T14:00:53.726] [ERROR] Ace - Can't add new command when connection is in closed state by user with team_id = 1
[2020-05-25T14:01:05.999] [ERROR] Ace - Can't add new command when connection is in closed state by user with team_id = 1
[2020-05-25T14:01:12.809] [ERROR] Ace - Can't add new command when connection is in closed state by user with team_id = 1
[2020-05-25T14:02:06.081] [ERROR] Ace - Can't add new command when connection is in closed state by user with team_id = 1
[2020-05-25T14:02:06.952] [ERROR] Ace - Can't add new command when connection is in closed state by user with team_id = 1
[2020-05-25T14:04:08.271] [ERROR] Ace - This socket has been ended by the other party by user with team_id = 1
[2020-05-25T14:07:10.970] [ERROR] Ace - This socket has been ended by the other party by user with team_id = 1
[2020-05-25T14:07:11.931] [ERROR] Ace - Can't add new command when connection is in closed state by user with team_id = 1
[2020-05-25T14:07:12.855] [ERROR] Ace - Can't add new command when connection is in closed state by user with team_id = 1
[2020-05-25T14:07:13.524] [ERROR] Ace - Can't add new command when connection is in closed state by user with team_id = 1
[2020-05-25T14:07:13.726] [ERROR] Ace - Can't add new command when connection is in closed state by user with team_id = 1
[2020-05-25T14:07:13.888] [ERROR] Ace - Can't add new command when connection is in closed state by user with team_id = 1
[2020-05-25T14:07:14.070] [ERROR] Ace - Can't add new command when connection is in closed state by user with team_id = 1
[2020-05-25T14:07:14.239] [ERROR] Ace - Can't add new command when connection is in closed state by user with team_id = 1
[2020-05-25T14:07:14.393] [ERROR] Ace - Can't add new command when connection is in closed state by user with team_id = 1
[2020-05-25T14:07:14.554] [ERROR] Ace - Can't add new command when connection is in closed state by user with team_id = 1
[2020-05-25T14:07:14.711] [ERROR] Ace - Can't add new command when connection is in closed state by user with team_id = 1
[2020-05-25T14:07:14.878] [ERROR] Ace - Can't add new command when connection is in closed state by user with team_id = 1
[2020-05-25T14:07:15.043] [ERROR] Ace - Can't add new command when connection is in closed state by user with team_id = 1
[2020-05-25T14:07:15.268] [ERROR] Ace - Can't add new command when connection is in closed state by user with team_id = 1
[2020-05-25T14:09:24.074] [ERROR] Ace - Can't add new command when connection is in closed state by user with team_id = 1
[2020-05-25T14:12:50.308] [ERROR] Ace - This socket has been ended by the other party by user with team_id = 1
[2020-05-25T14:14:36.467] [ERROR] Ace - This socket has been ended by the other party by user with team_id = 1
[2020-05-25T14:16:08.633] [ERROR] Ace - Can't add new command when connection is in closed state by user with team_id = 1
[2020-05-25T14:16:09.425] [ERROR] Ace - Can't add new command when connection is in closed state by user with team_id = 1
[2020-05-25T14:16:09.679] [ERROR] Ace - Can't add new command when connection is in closed state by user with team_id = 1
[2020-05-25T14:16:09.844] [ERROR] Ace - Can't add new command when connection is in closed state by user with team_id = 1
[2020-05-25T14:16:10.009] [ERROR] Ace - Can't add new command when connection is in closed state by user with team_id = 1
[2020-05-25T14:16:10.196] [ERROR] Ace - Can't add new command when connection is in closed state by user with team_id = 1
[2020-05-25T14:16:10.407] [ERROR] Ace - Can't add new command when connection is in closed state by user with team_id = 1
[2020-05-25T16:43:05.599] [ERROR] Ace - This socket has been ended by the other party
[2020-05-25T16:43:05.654] [ERROR] Ace - Can't add new command when connection is in closed state
[2020-05-25T16:51:37.778] [ERROR] Ace - This socket has been ended by the other party by user with team_id = 1
